Using pre-set license
Built from '2020.2/release' branch; Version is '2020.2.1f1 (270dd8c3da1c) revision 2559448'; Using compiler version '192528614'; Build Type 'Release'
OS: 'Windows 10  (10.0.0) 64bit' Language: 'en' Physical Memory: 16302 MB
BatchMode: 1, IsHumanControllingUs: 0, StartBugReporterOnCrash: 0, Is64bit: 1, IsPro: 0

 COMMAND LINE ARGUMENTS:
C:\Program Files\Unity\Hub\Editor\2020.2.1f1\Editor\Unity.exe
-adb2
-batchMode
-noUpm
-name
AssetImportWorker0
-projectPath
C:/Users/feijo/Documents/Unity Projects/PF2-Lab_1
-logFile
Logs/AssetImportWorker0.log
-srvPort
54335
Successfully changed project path to: C:/Users/feijo/Documents/Unity Projects/PF2-Lab_1
C:/Users/feijo/Documents/Unity Projects/PF2-Lab_1
Using Asset Import Pipeline V2.
Refreshing native plugins compatible for Editor in 29.92 ms, found 0 plugins.
Preloading 0 native plugins for Editor in 0.00 ms.
Initialize engine version: 2020.2.1f1 (270dd8c3da1c)
[Subsystems] Discovering subsystems at path C:/Program Files/Unity/Hub/Editor/2020.2.1f1/Editor/Data/Resources/UnitySubsystems
[Subsystems] Discovering subsystems at path C:/Users/feijo/Documents/Unity Projects/PF2-Lab_1/Assets
GfxDevice: creating device client; threaded=0
Direct3D:
    Version:  Direct3D 11.0 [level 11.1]
    Renderer: NVIDIA GeForce GTX 1050 (ID=0x1c81)
    Vendor:   
    VRAM:     1977 MB
    Driver:   27.21.14.5751
Initialize mono
Mono path[0] = 'C:/Program Files/Unity/Hub/Editor/2020.2.1f1/Editor/Data/Managed'
Mono path[1] = 'C:/Program Files/Unity/Hub/Editor/2020.2.1f1/Editor/Data/MonoBleedingEdge/lib/mono/unityjit'
Mono config path = 'C:/Program Files/Unity/Hub/Editor/2020.2.1f1/Editor/Data/MonoBleedingEdge/etc'
Using monoOptions --debugger-agent=transport=dt_socket,embedding=1,server=y,suspend=n,address=127.0.0.1:56772
Begin MonoManager ReloadAssembly
Registering precompiled unity dll's ...
Register platform support module: C:/Program Files/Unity/Hub/Editor/2020.2.1f1/Editor/Data/PlaybackEngines/WindowsStandaloneSupport/UnityEditor.WindowsStandalone.Extensions.dll
Registered in 0.003605 seconds.
Native extension for WindowsStandalone target not found
Refreshing native plugins compatible for Editor in 30.65 ms, found 0 plugins.
Preloading 0 native plugins for Editor in 0.00 ms.
Invoked RoslynAnalysisRunner static constructor.
RoslynAnalysisRunner will not be running.
RoslynAnalysisRunner has terminated.
Mono: successfully reloaded assembly
- Completed reload, in  1.253 seconds
Platform modules already initialized, skipping
Registering precompiled user dll's ...
Registered in 0.000989 seconds.
Begin MonoManager ReloadAssembly
Native extension for WindowsStandalone target not found
Refreshing native plugins compatible for Editor in 0.37 ms, found 0 plugins.
Preloading 0 native plugins for Editor in 0.00 ms.
Invoked RoslynAnalysisRunner static constructor.
RoslynAnalysisRunner will not be running.
RoslynAnalysisRunner has terminated.
Mono: successfully reloaded assembly
- Completed reload, in  1.033 seconds
Platform modules already initialized, skipping
========================================================================
Worker process is ready to serve import requests
Launched and connected shader compiler UnityShaderCompiler.exe after 0.03 seconds
Refreshing native plugins compatible for Editor in 0.25 ms, found 0 plugins.
Preloading 0 native plugins for Editor in 0.00 ms.
Unloading 1225 Unused Serialized files (Serialized files now loaded: 0)
System memory in use before: 79.2 MB.
System memory in use after: 78.9 MB.

Unloading 12 unused Assets to reduce memory usage. Loaded Objects now: 1683.
Total: 2.258800 ms (FindLiveObjects: 0.148300 ms CreateObjectMapping: 0.036500 ms MarkObjects: 1.694000 ms  DeleteObjects: 0.378300 ms)

========================================================================
Received Import Request.
  path: Assets/Scripts/Inventory.cs
  artifactKey: Guid(e1e6d91e6fe55e64a95bd7c1149e033a) Importer(815301076,1909f56bfc062723c751e8b465ee728b)
Start importing Assets/Scripts/Inventory.cs using Guid(e1e6d91e6fe55e64a95bd7c1149e033a) Importer(815301076,1909f56bfc062723c751e8b465ee728b)  -> (artifact id: '4b4dc79e6341de7d2d924fd503cbd5e2') in 0.047712 seconds
  Import took 0.049998 seconds .

========================================================================
Received Import Request.
  Time since last request: 75.118333 seconds.
  path: Assets/Scripts/Pickups.cs
  artifactKey: Guid(316fc349299eb6a4f9989516e99bef00) Importer(815301076,1909f56bfc062723c751e8b465ee728b)
Start importing Assets/Scripts/Pickups.cs using Guid(316fc349299eb6a4f9989516e99bef00) Importer(815301076,1909f56bfc062723c751e8b465ee728b)  -> (artifact id: 'd03fbb5dc3140f4ca1e00efc6aebb68d') in 0.003044 seconds
  Import took 0.005226 seconds .

========================================================================
Received Import Request.
  Time since last request: 0.028293 seconds.
  path: Assets/Scripts/Pickups.cs
  artifactKey: Guid(316fc349299eb6a4f9989516e99bef00) Importer(815301076,1909f56bfc062723c751e8b465ee728b)
Start importing Assets/Scripts/Pickups.cs using Guid(316fc349299eb6a4f9989516e99bef00) Importer(815301076,1909f56bfc062723c751e8b465ee728b)  -> (artifact id: 'd03fbb5dc3140f4ca1e00efc6aebb68d') in 0.003366 seconds
  Import took 0.005587 seconds .

========================================================================
Received Import Request.
  Time since last request: 43.769444 seconds.
  path: Assets/Scripts/Inventory.cs
  artifactKey: Guid(e1e6d91e6fe55e64a95bd7c1149e033a) Importer(815301076,1909f56bfc062723c751e8b465ee728b)
Start importing Assets/Scripts/Inventory.cs using Guid(e1e6d91e6fe55e64a95bd7c1149e033a) Importer(815301076,1909f56bfc062723c751e8b465ee728b)  -> (artifact id: '33b5b18f2a2c38448414323b6e2e659b') in 0.003158 seconds
  Import took 0.005860 seconds .

========================================================================
Received Import Request.
  Time since last request: 784.331698 seconds.
  path: Assets/Scripts/Pickups.cs
  artifactKey: Guid(316fc349299eb6a4f9989516e99bef00) Importer(815301076,1909f56bfc062723c751e8b465ee728b)
Start importing Assets/Scripts/Pickups.cs using Guid(316fc349299eb6a4f9989516e99bef00) Importer(815301076,1909f56bfc062723c751e8b465ee728b)  -> (artifact id: 'd2a7424a756396903c0bcb7388ee92d2') in 0.004134 seconds
  Import took 0.007935 seconds .

========================================================================
Received Prepare
Registering precompiled user dll's ...
Registered in 0.000808 seconds.
Begin MonoManager ReloadAssembly
Native extension for WindowsStandalone target not found
Refreshing native plugins compatible for Editor in 0.25 ms, found 0 plugins.
Preloading 0 native plugins for Editor in 0.00 ms.
Invoked RoslynAnalysisRunner static constructor.
RoslynAnalysisRunner will not be running.
RoslynAnalysisRunner has terminated.
Mono: successfully reloaded assembly
- Completed reload, in  0.878 seconds
Platform modules already initialized, skipping
Refreshing native plugins compatible for Editor in 0.29 ms, found 0 plugins.
Preloading 0 native plugins for Editor in 0.00 ms.
Unloading 1201 Unused Serialized files (Serialized files now loaded: 0)
System memory in use before: 78.1 MB.
System memory in use after: 77.8 MB.

Unloading 7 unused Assets to reduce memory usage. Loaded Objects now: 1685.
Total: 2.302900 ms (FindLiveObjects: 0.224000 ms CreateObjectMapping: 0.055200 ms MarkObjects: 1.454600 ms  DeleteObjects: 0.567900 ms)

========================================================================
Received Prepare
Registering precompiled user dll's ...
Registered in 0.000945 seconds.
Begin MonoManager ReloadAssembly
Native extension for WindowsStandalone target not found
Refreshing native plugins compatible for Editor in 0.27 ms, found 0 plugins.
Preloading 0 native plugins for Editor in 0.00 ms.
Invoked RoslynAnalysisRunner static constructor.
RoslynAnalysisRunner will not be running.
RoslynAnalysisRunner has terminated.
Mono: successfully reloaded assembly
- Completed reload, in  0.872 seconds
Platform modules already initialized, skipping
Refreshing native plugins compatible for Editor in 0.39 ms, found 0 plugins.
Preloading 0 native plugins for Editor in 0.00 ms.
Unloading 1201 Unused Serialized files (Serialized files now loaded: 0)
System memory in use before: 78.8 MB.
System memory in use after: 78.5 MB.

Unloading 7 unused Assets to reduce memory usage. Loaded Objects now: 1687.
Total: 2.274800 ms (FindLiveObjects: 0.153000 ms CreateObjectMapping: 0.045900 ms MarkObjects: 1.748400 ms  DeleteObjects: 0.325700 ms)

========================================================================
Received Prepare
Registering precompiled user dll's ...
Registered in 0.001042 seconds.
Begin MonoManager ReloadAssembly
Native extension for WindowsStandalone target not found
Refreshing native plugins compatible for Editor in 0.25 ms, found 0 plugins.
Preloading 0 native plugins for Editor in 0.00 ms.
Invoked RoslynAnalysisRunner static constructor.
RoslynAnalysisRunner will not be running.
RoslynAnalysisRunner has terminated.
Mono: successfully reloaded assembly
- Completed reload, in  0.797 seconds
Platform modules already initialized, skipping
Refreshing native plugins compatible for Editor in 0.46 ms, found 0 plugins.
Preloading 0 native plugins for Editor in 0.00 ms.
Unloading 1201 Unused Serialized files (Serialized files now loaded: 0)
System memory in use before: 79.1 MB.
System memory in use after: 78.8 MB.

Unloading 7 unused Assets to reduce memory usage. Loaded Objects now: 1689.
Total: 2.120300 ms (FindLiveObjects: 0.145800 ms CreateObjectMapping: 0.084300 ms MarkObjects: 1.484800 ms  DeleteObjects: 0.404000 ms)

========================================================================
Received Prepare
Registering precompiled user dll's ...
Registered in 0.001091 seconds.
Begin MonoManager ReloadAssembly
Native extension for WindowsStandalone target not found
Refreshing native plugins compatible for Editor in 0.28 ms, found 0 plugins.
Preloading 0 native plugins for Editor in 0.00 ms.
Invoked RoslynAnalysisRunner static constructor.
RoslynAnalysisRunner will not be running.
RoslynAnalysisRunner has terminated.
Mono: successfully reloaded assembly
- Completed reload, in  0.798 seconds
Platform modules already initialized, skipping
Script error: OnTriggerEnter
This message parameter has to be of type: Collider
The message will be ignored.

Refreshing native plugins compatible for Editor in 0.28 ms, found 0 plugins.
Preloading 0 native plugins for Editor in 0.00 ms.
Unloading 1201 Unused Serialized files (Serialized files now loaded: 0)
System memory in use before: 79.0 MB.
System memory in use after: 78.8 MB.

Unloading 7 unused Assets to reduce memory usage. Loaded Objects now: 1691.
Total: 2.176100 ms (FindLiveObjects: 0.144600 ms CreateObjectMapping: 0.040500 ms MarkObjects: 1.593500 ms  DeleteObjects: 0.395800 ms)

========================================================================
Received Prepare
Registering precompiled user dll's ...
Registered in 0.001026 seconds.
Begin MonoManager ReloadAssembly
Native extension for WindowsStandalone target not found
Refreshing native plugins compatible for Editor in 0.27 ms, found 0 plugins.
Preloading 0 native plugins for Editor in 0.00 ms.
Invoked RoslynAnalysisRunner static constructor.
RoslynAnalysisRunner will not be running.
RoslynAnalysisRunner has terminated.
Mono: successfully reloaded assembly
- Completed reload, in  0.790 seconds
Platform modules already initialized, skipping
Refreshing native plugins compatible for Editor in 0.31 ms, found 0 plugins.
Preloading 0 native plugins for Editor in 0.00 ms.
Unloading 1201 Unused Serialized files (Serialized files now loaded: 0)
System memory in use before: 79.2 MB.
System memory in use after: 78.9 MB.

Unloading 7 unused Assets to reduce memory usage. Loaded Objects now: 1693.
Total: 2.146200 ms (FindLiveObjects: 0.183000 ms CreateObjectMapping: 0.076800 ms MarkObjects: 1.544200 ms  DeleteObjects: 0.340900 ms)

========================================================================
Received Prepare
Registering precompiled user dll's ...
Registered in 0.000988 seconds.
Begin MonoManager ReloadAssembly
Native extension for WindowsStandalone target not found
Refreshing native plugins compatible for Editor in 0.38 ms, found 0 plugins.
Preloading 0 native plugins for Editor in 0.00 ms.
Invoked RoslynAnalysisRunner static constructor.
RoslynAnalysisRunner will not be running.
RoslynAnalysisRunner has terminated.
Mono: successfully reloaded assembly
- Completed reload, in  0.944 seconds
Platform modules already initialized, skipping
Refreshing native plugins compatible for Editor in 0.28 ms, found 0 plugins.
Preloading 0 native plugins for Editor in 0.00 ms.
Unloading 1201 Unused Serialized files (Serialized files now loaded: 0)
System memory in use before: 79.2 MB.
System memory in use after: 78.9 MB.

Unloading 7 unused Assets to reduce memory usage. Loaded Objects now: 1695.
Total: 2.510900 ms (FindLiveObjects: 0.200700 ms CreateObjectMapping: 0.085900 ms MarkObjects: 1.868600 ms  DeleteObjects: 0.352700 ms)

AssetImportWorkerClient::OnTransportError - code=2 error=End of file
